2020-07-31 14:23:03 [main] INFO  com.example.demo.DemoApplication - Starting DemoApplication on hedan-pc with PID 5276 (C:\Users\hedan\IdeaProjects\demo1\out\production\classes started by hedan in C:\Users\hedan\IdeaProjects\demo1)
2020-07-31 14:23:03 [main] INFO  com.example.demo.DemoApplication - No active profile set, falling back to default profiles: default
2020-07-31 14:23:04 [main] INFO  o.s.d.r.config.RepositoryConfigurationDelegate - Bootstrapping Spring Data JPA repositories in DEFERRED mode.
2020-07-31 14:23:04 [main] INFO  o.s.d.r.config.RepositoryConfigurationDelegate - Finished Spring Data repository scanning in 76ms. Found 1 JPA repository interfaces.
2020-07-31 14:23:05 [main] INFO  o.s.boot.web.embedded.tomcat.TomcatWebServer - Tomcat initialized with port(s): 8080 (http)
2020-07-31 14:23:05 [main] INFO  org.apache.coyote.http11.Http11NioProtocol - Initializing ProtocolHandler ["http-nio-8080"]
2020-07-31 14:23:05 [main] INFO  org.apache.catalina.core.StandardService - Starting service [Tomcat]
2020-07-31 14:23:05 [main] INFO  org.apache.catalina.core.StandardEngine - Starting Servlet engine: [Apache Tomcat/9.0.37]
2020-07-31 14:23:05 [main] INFO  o.a.c.core.ContainerBase.[Tomcat].[localhost].[/] - Initializing Spring embedded WebApplicationContext
2020-07-31 14:23:05 [main] INFO  o.s.b.w.s.c.ServletWebServerApplicationContext - Root WebApplicationContext: initialization completed in 2237 ms
2020-07-31 14:23:05 [main] INFO  o.s.scheduling.concurrent.ThreadPoolTaskExecutor - Initializing ExecutorService 'applicationTaskExecutor'
2020-07-31 14:23:05 [task-1] INFO  org.hibernate.jpa.internal.util.LogHelper - HHH000204: Processing PersistenceUnitInfo [name: default]
2020-07-31 14:23:05 [main] WARN  o.s.b.a.o.j.JpaBaseConfiguration$JpaWebConfiguration - spring.jpa.open-in-view is enabled by default. Therefore, database queries may be performed during view rendering. Explicitly configure spring.jpa.open-in-view to disable this warning
2020-07-31 14:23:06 [task-1] INFO  org.hibernate.Version - HHH000412: Hibernate ORM core version 5.4.18.Final
2020-07-31 14:23:06 [main] WARN  o.s.b.a.t.ThymeleafAutoConfiguration$DefaultTemplateResolverConfiguration - Cannot find template location: classpath:/templates/ (please add some templates or check your Thymeleaf configuration)
2020-07-31 14:23:06 [task-1] INFO  org.hibernate.annotations.common.Version - HCANN000001: Hibernate Commons Annotations {5.1.0.Final}
2020-07-31 14:23:06 [main] INFO  org.apache.coyote.http11.Http11NioProtocol - Starting ProtocolHandler ["http-nio-8080"]
2020-07-31 14:23:06 [main] INFO  o.s.boot.web.embedded.tomcat.TomcatWebServer - Tomcat started on port(s): 8080 (http) with context path ''
2020-07-31 14:23:06 [main] INFO  o.s.d.r.c.DeferredRepositoryInitializationListener - Triggering deferred initialization of Spring Data repositories…
2020-07-31 14:23:06 [task-1] INFO  com.zaxxer.hikari.HikariDataSource - HikariPool-1 - Starting...
2020-07-31 14:23:07 [task-1] INFO  com.zaxxer.hikari.HikariDataSource - HikariPool-1 - Start completed.
2020-07-31 14:23:08 [task-1] INFO  org.hibernate.dialect.Dialect - HHH000400: Using dialect: org.hibernate.dialect.MySQL8Dialect
2020-07-31 14:23:09 [task-1] INFO  o.h.e.t.jta.platform.internal.JtaPlatformInitiator - HHH000490: Using JtaPlatform implementation: [org.hibernate.engine.transaction.jta.platform.internal.NoJtaPlatform]
2020-07-31 14:23:09 [task-1] INFO  o.s.orm.jpa.LocalContainerEntityManagerFactoryBean - Initialized JPA EntityManagerFactory for persistence unit 'default'
2020-07-31 14:23:10 [main] INFO  o.s.d.r.c.DeferredRepositoryInitializationListener - Spring Data repositories initialized!
2020-07-31 14:23:10 [main] INFO  com.example.demo.DemoApplication - Started DemoApplication in 8.925 seconds (JVM running for 12.158)
2020-07-31 14:26:54 [http-nio-8080-exec-1] INFO  o.a.c.core.ContainerBase.[Tomcat].[localhost].[/] - Initializing Spring DispatcherServlet 'dispatcherServlet'
2020-07-31 14:26:54 [http-nio-8080-exec-1] INFO  org.springframework.web.servlet.DispatcherServlet - Initializing Servlet 'dispatcherServlet'
2020-07-31 14:26:54 [http-nio-8080-exec-1] INFO  org.springframework.web.servlet.DispatcherServlet - Completed initialization in 6 ms
